# JRE version: OpenJDK Runtime Environment Temurin-17.0.4+8 (17.0.4+8) (build 17.0.4+8)
# Java VM: OpenJDK 64-Bit Server VM Temurin-17.0.4+8 (17.0.4+8, mixed mode, emulated-client, tiered, compressed oops, compressed class ptrs, g1 gc, windows-amd64)
GC Precious Log:
 CPUs: 4 total, 4 available
 Memory: 8028M
 Large Page Support: Disabled
 NUMA Support: Disabled
 Compressed Oops: Enabled (32-bit)
 Heap Region Size: 1M
 Heap Min Capacity: 8M
 Heap Initial Capacity: 126M
 Heap Max Capacity: 2008M
 Pre-touch: Disabled
 Parallel Workers: 4
 Concurrent Workers: 1
 Concurrent Refinement Workers: 4
 Periodic GC: Disabled
Heap:
 garbage-first heap   total 89088K, used 57459K [0x0000000082800000, 0x0000000100000000)
  region size 1024K, 33 young (33792K), 1 survivors (1024K)
 Metaspace       used 63639K, committed 64064K, reserved 1105920K
  class space    used 8483K, committed 8704K, reserved 1048576K
GC Heap History (20 events):
Event: 3.447 GC heap before
{Heap before GC invocations=14 (full 0):
 garbage-first heap   total 58368K, used 17347K [0x0000000082800000, 0x0000000100000000)
  region size 1024K, 6 young (6144K), 5 survivors (5120K)
 Metaspace       used 38281K, committed 38656K, reserved 1089536K
  class space    used 4883K, committed 5056K, reserved 1048576K
}
Event: 3.450 GC heap after
{Heap after GC invocations=15 (full 0):
 garbage-first heap   total 70656K, used 17656K [0x0000000082800000, 0x0000000100000000)
  region size 1024K, 1 young (1024K), 1 survivors (1024K)
 Metaspace       used 38281K, committed 38656K, reserved 1089536K
  class space    used 4883K, committed 5056K, reserved 1048576K
}
Event: 3.863 GC heap before
{Heap before GC invocations=15 (full 0):
 garbage-first heap   total 70656K, used 56568K [0x0000000082800000, 0x0000000100000000)
  region size 1024K, 39 young (39936K), 1 survivors (1024K)
 Metaspace       used 41251K, committed 41600K, reserved 1089536K
  class space    used 5211K, committed 5376K, reserved 1048576K
}
Event: 3.865 GC heap after
{Heap after GC invocations=16 (full 0):
 garbage-first heap   total 70656K, used 18928K [0x0000000082800000, 0x0000000100000000)
  region size 1024K, 2 young (2048K), 2 survivors (2048K)
 Metaspace       used 41251K, committed 41600K, reserved 1089536K
  class space    used 5211K, committed 5376K, reserved 1048576K
}
Event: 4.097 GC heap before
{Heap before GC invocations=16 (full 0):
 garbage-first heap   total 70656K, used 56816K [0x0000000082800000, 0x0000000100000000)
  region size 1024K, 39 young (39936K), 2 survivors (2048K)
 Metaspace       used 45445K, committed 45760K, reserved 1089536K
  class space    used 5666K, committed 5824K, reserved 1048576K
}
Event: 4.099 GC heap after
{Heap after GC invocations=17 (full 0):
 garbage-first heap   total 70656K, used 20136K [0x0000000082800000, 0x0000000100000000)
  region size 1024K, 4 young (4096K), 4 survivors (4096K)
 Metaspace       used 45445K, committed 45760K, reserved 1089536K
  class space    used 5666K, committed 5824K, reserved 1048576K
}
Event: 4.426 GC heap before
{Heap before GC invocations=17 (full 0):
 garbage-first heap   total 70656K, used 55976K [0x0000000082800000, 0x0000000100000000)
  region size 1024K, 39 young (39936K), 4 survivors (4096K)
 Metaspace       used 48668K, committed 49024K, reserved 1097728K
  class space    used 6109K, committed 6272K, reserved 1048576K
}
Event: 4.430 GC heap after
{Heap after GC invocations=18 (full 0):
 garbage-first heap   total 70656K, used 21118K [0x0000000082800000, 0x0000000100000000)
  region size 1024K, 3 young (3072K), 3 survivors (3072K)
 Metaspace       used 48668K, committed 49024K, reserved 1097728K
  class space    used 6109K, committed 6272K, reserved 1048576K
}
Event: 4.694 GC heap before
{Heap before GC invocations=18 (full 0):
 garbage-first heap   total 70656K, used 56958K [0x0000000082800000, 0x0000000100000000)
  region size 1024K, 38 young (38912K), 3 survivors (3072K)
 Metaspace       used 52156K, committed 52608K, reserved 1097728K
  class space    used 6744K, committed 6976K, reserved 1048576K
}
Event: 4.697 GC heap after
{Heap after GC invocations=19 (full 0):
 garbage-first heap   total 70656K, used 21734K [0x0000000082800000, 0x0000000100000000)
  region size 1024K, 3 young (3072K), 3 survivors (3072K)
 Metaspace       used 52156K, committed 52608K, reserved 1097728K
  class space    used 6744K, committed 6976K, reserved 1048576K
}
Event: 5.003 GC heap before
{Heap before GC invocations=19 (full 0):
 garbage-first heap   total 70656K, used 57574K [0x0000000082800000, 0x0000000100000000)
  region size 1024K, 38 young (38912K), 3 survivors (3072K)
 Metaspace       used 55449K, committed 55808K, reserved 1097728K
  class space    used 7193K, committed 7360K, reserved 1048576K
}
Event: 5.006 GC heap after
{Heap after GC invocations=20 (full 0):
 garbage-first heap   total 70656K, used 22557K [0x0000000082800000, 0x0000000100000000)
  region size 1024K, 3 young (3072K), 3 survivors (3072K)
 Metaspace       used 55449K, committed 55808K, reserved 1097728K
  class space    used 7193K, committed 7360K, reserved 1048576K
}
Event: 5.365 GC heap before
{Heap before GC invocations=20 (full 0):
 garbage-first heap   total 70656K, used 58397K [0x0000000082800000, 0x0000000100000000)
  region size 1024K, 38 young (38912K), 3 survivors (3072K)
 Metaspace       used 58504K, committed 58880K, reserved 1105920K
  class space    used 7734K, committed 7936K, reserved 1048576K
}
Event: 5.369 GC heap after
{Heap after GC invocations=21 (full 0):
 garbage-first heap   total 70656K, used 23098K [0x0000000082800000, 0x0000000100000000)
  region size 1024K, 4 young (4096K), 4 survivors (4096K)
 Metaspace       used 58504K, committed 58880K, reserved 1105920K
  class space    used 7734K, committed 7936K, reserved 1048576K
}
Event: 5.545 GC heap before
{Heap before GC invocations=21 (full 0):
 garbage-first heap   total 70656K, used 40506K [0x0000000082800000, 0x0000000100000000)
  region size 1024K, 22 young (22528K), 4 survivors (4096K)
 Metaspace       used 60101K, committed 60416K, reserved 1105920K
  class space    used 7965K, committed 8128K, reserved 1048576K
}
Event: 5.551 GC heap after
{Heap after GC invocations=22 (full 0):
 garbage-first heap   total 131072K, used 23534K [0x0000000082800000, 0x0000000100000000)
  region size 1024K, 3 young (3072K), 3 survivors (3072K)
 Metaspace       used 60101K, committed 60416K, reserved 1105920K
  class space    used 7965K, committed 8128K, reserved 1048576K
}
Event: 5.979 GC heap before
{Heap before GC invocations=23 (full 0):
 garbage-first heap   total 89088K, used 73710K [0x0000000082800000, 0x0000000100000000)
  region size 1024K, 52 young (53248K), 3 survivors (3072K)
 Metaspace       used 63409K, committed 63808K, reserved 1105920K
  class space    used 8448K, committed 8640K, reserved 1048576K
}
Event: 5.984 GC heap after
{Heap after GC invocations=24 (full 0):
 garbage-first heap   total 89088K, used 25168K [0x0000000082800000, 0x0000000100000000)
  region size 1024K, 5 young (5120K), 5 survivors (5120K)
 Metaspace       used 63409K, committed 63808K, reserved 1105920K
  class space    used 8448K, committed 8640K, reserved 1048576K
}
Event: 5.996 GC heap before
{Heap before GC invocations=24 (full 0):
 garbage-first heap   total 89088K, used 26192K [0x0000000082800000, 0x0000000100000000)
  region size 1024K, 6 young (6144K), 5 survivors (5120K)
 Metaspace       used 63461K, committed 63808K, reserved 1105920K
  class space    used 8455K, committed 8640K, reserved 1048576K
}
Event: 6.000 GC heap after
{Heap after GC invocations=25 (full 0):
 garbage-first heap   total 89088K, used 25715K [0x0000000082800000, 0x0000000100000000)
  region size 1024K, 1 young (1024K), 1 survivors (1024K)
 Metaspace       used 63461K, committed 63808K, reserved 1105920K
  class space    used 8455K, committed 8640K, reserved 1048576K
}

